<?xml version="1.0" encoding="UTF-8"?>
<testng-results ignored="0" total="1" passed="1" failed="0" skipped="0">
  <reporter-output>
  </reporter-output>
  <suite started-at="2024-10-26T19:10:42 IST" name="Suite" finished-at="2024-10-26T19:10:54 IST" duration-ms="11371">
    <groups>
    </groups>
    <test started-at="2024-10-26T19:10:42 IST" name="Test" finished-at="2024-10-26T19:10:54 IST" duration-ms="11371">
      <class name="testcases.TC001_AccountRegistrationTest">
        <test-method is-config="true" signature="setup(java.lang.String,java.lang.String)[pri:0, instance:testcases.TC001_AccountRegistrationTest@75f5fd58]" started-at="2024-10-26T19:10:42 IST" name="setup" finished-at="2024-10-26T19:10:51 IST" duration-ms="8149" status="PASS">
          <params>
            <param index="0">
              <value>
                <![CDATA[Windows]]>
              </value>
            </param>
            <param index="1">
              <value>
                <![CDATA[chrome]]>
              </value>
            </param>
          </params>
          <reporter-output>
          </reporter-output>
        </test-method> <!-- setup -->
        <test-method signature="verify_Account_Registration()[pri:0, instance:testcases.TC001_AccountRegistrationTest@75f5fd58]" started-at="2024-10-26T19:10:51 IST" name="verify_Account_Registration" finished-at="2024-10-26T19:10:53 IST" duration-ms="2973" status="PASS">
          <reporter-output>
          </reporter-output>
        </test-method> <!-- verify_Account_Registration -->
        <test-method is-config="true" signature="tearDown()[pri:0, instance:testcases.TC001_AccountRegistrationTest@75f5fd58]" started-at="2024-10-26T19:10:53 IST" name="tearDown" finished-at="2024-10-26T19:10:54 IST" duration-ms="172" status="PASS">
          <reporter-output>
          </reporter-output>
        </test-method> <!-- tearDown -->
      </class> <!-- testcases.TC001_AccountRegistrationTest -->
    </test> <!-- Test -->
  </suite> <!-- Suite -->
</testng-results>
